2023-04-11 20:51:50.928107 0x00002278         BackgroundTaskBase: Registering msteamsupdate.exe as bgtask com server for task: TeamsEcsTask
2023-04-11 20:51:50.928107 0x00002278         Scenario: shell_bgtask_comserverregistration [start,success] Scenario.Status:success, Scenario.Step:start, delta:0, elapsed:0, elapsedSinceProcessStart:241, sequence:0
2023-04-11 20:51:50.960401 0x00003cd4         Scenario: shell_peristent_storage_read [start,success] Scenario.Status:success, Scenario.Step:start, delta:0, elapsed:27, elapsedSinceProcessStart:274, sequence:0
2023-04-11 20:51:50.961396 0x00003cd4         Scenario: shell_peristent_storage_read [stop,abandoned] InstanceId:fedf5b28-6162-4f90-8d8f-c6fc479ab642, Scenario.Mode:1, Scenario.Name:shell_peristent_storage_read, Scenario.Status:abandoned, Scenario.Step:stop, delta:0, elapsed:27, elapsedSinceProcessStart:274, error:no such file or directory, fileName:configuration.json, previousStep:start, sequence:1, stepDelta:0
2023-04-11 20:51:50.966385 0x00003cd4         Scenario: shell_peristent_storage_read [start,success] Scenario.Status:success, Scenario.Step:start, delta:0, elapsed:32, elapsedSinceProcessStart:279, sequence:0
2023-04-11 20:51:50.970373 0x00003cd4         Scenario: shell_peristent_storage_read [stop,success] InstanceId:5048ec4a-382b-4e1c-a5a1-5639762f4ca4, Scenario.Mode:1, Scenario.Name:shell_peristent_storage_read, Scenario.Status:success, Scenario.Step:stop, delta:4, elapsed:36, elapsedSinceProcessStart:283, fileName:ecs_request_param.json, previousStep:start, sequence:1, stepDelta:4
2023-04-11 20:51:50.971371 0x00003cd4         TelemetryService: No primary user detected during a SetUserTenantId Call, setting 9188040d-6c67-4c5b-b112-36a304b66dad as default tenant
2023-04-11 20:51:50.971371 0x00003cd4         TelemetryService: No primary user detected during a SetUserId Call, setting 00000000-0000-0000-246b-aa36af310c2e as UserInfo_Id
2023-04-11 20:51:50.971371 0x00003cd4         Scenario: shell_ecs_refresh [start,success] Scenario.Status:success, Scenario.Step:start, delta:0, elapsed:37, elapsedSinceProcessStart:284, sequence:0
2023-04-11 20:51:50.977354 0x00003cd4         EcsBackgroundTask: Starting ecs background task
2023-04-11 20:51:50.987328 0x00003cd4         Scenario: shell_ecs_cache [start,success] Scenario.Status:success, Scenario.Step:start, delta:0, elapsed:53, elapsedSinceProcessStart:300, sequence:0
2023-04-11 20:51:50.988326 0x00003cd4         Scenario: shell_ecs_cache [stop,success] InstanceId:80f6daf8-3107-4cd4-8f91-04f7c6a8a0b7, Scenario.Mode:1, Scenario.Name:shell_ecs_cache, Scenario.Status:success, Scenario.Step:stop, delta:1, elapsed:54, elapsedSinceProcessStart:301, previousStep:start, sequence:1, stepDelta:1
2023-04-11 20:51:50.988326 0x00003cd4         EcsFetchCompletion: Ecs settings less than 60s to expiring. Keeping bg task alive until then
2023-04-11 20:51:50.989323 0x00003cd4         Scenario: shell_ecs_start [start,success] Scenario.Status:success, Scenario.Step:start, delta:0, elapsed:55, elapsedSinceProcessStart:302, sequence:0
2023-04-11 20:51:50.990321 0x00003cd4         Scenario: shell_ecs_start [stop,success] InstanceId:404ac182-e4c2-44c7-af12-6eb001d0e1df, Scenario.Mode:3, Scenario.Name:shell_ecs_start, Scenario.Status:success, Scenario.Step:stop, Scenario.Steps:[{"Scenario.Status":"success","Scenario.Step":"stop","delta":0,"elapsed":55,"elapsedSinceProcessStart":302,"previousStep":"start","sequence":1,"stepDelta":0}], Scenario.StepsEx:[{}], delta:0, elapsed:55, elapsedSinceProcessStart:302, previousStep:start, sequence:1, stepDelta:0
2023-04-11 20:51:51.568416 0x00002518         Scenario: shell_ecs_refresh [start,success] Scenario.Status:success, Scenario.Step:start, delta:1, elapsed:643, elapsedSinceProcessStart:890, sequence:0
2023-04-11 20:51:51.583715 0x00002518         Scenario: shell_ecs_refresh [stop,success] InstanceId:c0ba1856-b216-4a2d-8f99-f1c82a9fd12f, Scenario.Mode:1, Scenario.Name:shell_ecs_refresh, Scenario.Status:success, Scenario.Step:stop, delta:4, elapsed:646, elapsedSinceProcessStart:893, previousStep:start, sequence:1, stepDelta:4
2023-04-11 20:51:51.583715 0x00002518         EcsFetchCompletion: Successfully updated ecs settings from server
2023-04-11 20:51:51.583715 0x00003cd4         EcsBackgroundTask: Completed ecs background task
2023-04-11 20:51:51.586033 0x00002278         Scenario: shell_bgtask_comserverregistration [stop,success] InstanceId:8f839ec4-56ba-4b5d-bdd0-db986cc9ab3f, Scenario.Mode:3, Scenario.Name:shell_bgtask_comserverregistration, Scenario.Status:success, Scenario.Step:stop, Scenario.Steps:[{"Scenario.Status":"success","Scenario.Step":"stop","delta":658,"elapsed":658,"elapsedSinceProcessStart":899,"previousStep":"start","sequence":1,"stepDelta":658}], Scenario.StepsEx:[{"taskName":"TeamsEcsTask"}], delta:658, elapsed:658, elapsedSinceProcessStart:899, previousStep:start, sequence:1, stepDelta:658, taskName:TeamsEcsTask
2023-04-11 20:51:52.732350 0x00002278         TelemetryService: Telemetry service stopped
23, UpdateUrl:https://statics.teams.cdn.office.net/production-windows-x64/23062.1103.1944.2725/MicrosoftTeams-x64.msix, delta:2, elapsed:55, elapsedSinceProcessStart:306, previousStep:start, sequence:1, stepDelta:2
2023-04-11 20:51:51.006275 0x00000f9c         AsyncUpdaterTask: Updater task completed
2023-04-11 20:51:51.007273 0x00003c04         Scenario: shell_bgtask_comserverregistration [stop,success] InstanceId:9b69c137-b489-426d-a901-ba53bcf99863, Scenario.Mode:3, Scenario.Name:shell_bgtask_comserverregistration, Scenario.Status:success, Scenario.Step:stop, Scenario.Steps:[{"Scenario.Status":"success","Scenario.Step":"stop","delta":82,"elapsed":82,"elapsedSinceProcessStart":319,"previousStep":"start","sequence":1,"stepDelta":82}], Scenario.StepsEx:[{"taskName":"TeamsAsyncUpdaterTask"}], delta:82, elapsed:82, elapsedSinceProcessStart:319, previousStep:start, sequence:1, stepDelta:82, taskName:TeamsAsyncUpdaterTask
2023-04-11 20:51:52.100598 0x00003c04         TelemetryService: Telemetry service stopped
